<?xml version="1.0" encoding="UTF-8" ?>
<testsuite tests="3" failures="2" name="persistance.UserReadingListWithHibernateTest" time="0.017" errors="0" skipped="0">
  <properties>
[...]
</properties>
  <testcase classname="persistance.UserReadingListWithHibernateTest" name="testGetAllReadingList" time="0.008">
    <failure message="There is the wrong amount in the list" type="java.lang.AssertionError">java.lang.AssertionError: There is the wrong amount in the list
	at org.junit.Assert.fail(Assert.java:74)
	at org.junit.Assert.assertTrue(Assert.java:37)
	at persistance.UserReadingListWithHibernateTest.testGetAllReadingList(UserReadingListWithHibernateTest.java:40)
	at sun.reflect.NativeMethodAccessorImpl.invoke0(Native Method)
	at sun.reflect.NativeMethodAccessorImpl.invoke(NativeMethodAccessorImpl.java:62)
	at sun.reflect.DelegatingMethodAccessorImpl.invoke(DelegatingMethodAccessorImpl.java:43)
	at java.lang.reflect.Method.invoke(Method.java:497)
	at org.junit.internal.runners.TestMethod.invoke(TestMethod.java:59)
	at org.junit.internal.runners.MethodRoadie.runTestMethod(MethodRoadie.java:98)
	at org.junit.internal.runners.MethodRoadie$2.run(MethodRoadie.java:79)
	at org.junit.internal.runners.MethodRoadie.runBeforesThenTestThenAfters(MethodRoadie.java:87)
	at org.junit.internal.runners.MethodRoadie.runTest(MethodRoadie.java:77)
	at org.junit.internal.runners.MethodRoadie.run(MethodRoadie.java:42)
	at org.junit.internal.runners.JUnit4ClassRunner.invokeTestMethod(JUnit4ClassRunner.java:88)
	at org.junit.internal.runners.JUnit4ClassRunner.runMethods(JUnit4ClassRunner.java:51)
	at org.junit.internal.runners.JUnit4ClassRunner$1.run(JUnit4ClassRunner.java:44)
	at org.junit.internal.runners.ClassRoadie.runUnprotected(ClassRoadie.java:27)
	at org.junit.internal.runners.ClassRoadie.runProtected(ClassRoadie.java:37)
	at org.junit.internal.runners.JUnit4ClassRunner.run(JUnit4ClassRunner.java:42)
	at org.apache.maven.surefire.junit4.JUnit4Provider.execute(JUnit4Provider.java:252)
	at org.apache.maven.surefire.junit4.JUnit4Provider.executeTestSet(JUnit4Provider.java:141)
	at org.apache.maven.surefire.junit4.JUnit4Provider.invoke(JUnit4Provider.java:112)
	at sun.reflect.NativeMethodAccessorImpl.invoke0(Native Method)
	at sun.reflect.NativeMethodAccessorImpl.invoke(NativeMethodAccessorImpl.java:62)
	at sun.reflect.DelegatingMethodAccessorImpl.invoke(DelegatingMethodAccessorImpl.java:43)
	at java.lang.reflect.Method.invoke(Method.java:497)
	at org.apache.maven.surefire.util.ReflectionUtils.invokeMethodWithArray(ReflectionUtils.java:189)
	at org.apache.maven.surefire.booter.ProviderFactory$ProviderProxy.invoke(ProviderFactory.java:165)
	at org.apache.maven.surefire.booter.ProviderFactory.invokeProvider(ProviderFactory.java:85)
	at org.apache.maven.surefire.booter.ForkedBooter.runSuitesInProcess(ForkedBooter.java:115)
	at org.apache.maven.surefire.booter.ForkedBooter.main(ForkedBooter.java:75)
</failure>
    <system-out>2016-05-11 01:15:05,624 791  [main] INFO  persistance.UserReadingListDaoWithHibernate  - 2016-05-11
2016-05-11 01:15:05,625 792  [main] WARN  org.hibernate.engine.jdbc.spi.SqlExceptionHelper  - SQL Error: 0, SQLState: 08001
2016-05-11 01:15:05,625 792  [main] ERROR org.hibernate.engine.jdbc.spi.SqlExceptionHelper  - No suitable driver found for OPENSHIFT_MYSQL_DB_URL
2016-05-11 01:15:05,625 792  [main] ERROR persistance.UserReadingListDaoWithHibernate  - org.hibernate.exception.JDBCConnectionException: Could not open connection
2016-05-11 01:15:05,626 793  [main] WARN  org.hibernate.engine.jdbc.spi.SqlExceptionHelper  - SQL Error: 0, SQLState: 08001
2016-05-11 01:15:05,626 793  [main] ERROR org.hibernate.engine.jdbc.spi.SqlExceptionHelper  - No suitable driver found for OPENSHIFT_MYSQL_DB_URL
</system-out>
  </testcase>
  <testcase classname="persistance.UserReadingListWithHibernateTest" name="testUpdateReadingList" time="0.002"/>
  <testcase classname="persistance.UserReadingListWithHibernateTest" name="testAddReadingList" time="0.007">
    <failure message="Insert failed" type="java.lang.AssertionError">java.lang.AssertionError: Insert failed
	at org.junit.Assert.fail(Assert.java:74)
	at org.junit.Assert.assertTrue(Assert.java:37)
	at persistance.UserReadingListWithHibernateTest.testAddReadingList(UserReadingListWithHibernateTest.java:84)
	at sun.reflect.NativeMethodAccessorImpl.invoke0(Native Method)
	at sun.reflect.NativeMethodAccessorImpl.invoke(NativeMethodAccessorImpl.java:62)
	at sun.reflect.DelegatingMethodAccessorImpl.invoke(DelegatingMethodAccessorImpl.java:43)
	at java.lang.reflect.Method.invoke(Method.java:497)
	at org.junit.internal.runners.TestMethod.invoke(TestMethod.java:59)
	at org.junit.internal.runners.MethodRoadie.runTestMethod(MethodRoadie.java:98)
	at org.junit.internal.runners.MethodRoadie$2.run(MethodRoadie.java:79)
	at org.junit.internal.runners.MethodRoadie.runBeforesThenTestThenAfters(MethodRoadie.java:87)
	at org.junit.internal.runners.MethodRoadie.runTest(MethodRoadie.java:77)
	at org.junit.internal.runners.MethodRoadie.run(MethodRoadie.java:42)
	at org.junit.internal.runners.JUnit4ClassRunner.invokeTestMethod(JUnit4ClassRunner.java:88)
	at org.junit.internal.runners.JUnit4ClassRunner.runMethods(JUnit4ClassRunner.java:51)
	at org.junit.internal.runners.JUnit4ClassRunner$1.run(JUnit4ClassRunner.java:44)
	at org.junit.internal.runners.ClassRoadie.runUnprotected(ClassRoadie.java:27)
	at org.junit.internal.runners.ClassRoadie.runProtected(ClassRoadie.java:37)
	at org.junit.internal.runners.JUnit4ClassRunner.run(JUnit4ClassRunner.java:42)
	at org.apache.maven.surefire.junit4.JUnit4Provider.execute(JUnit4Provider.java:252)
	at org.apache.maven.surefire.junit4.JUnit4Provider.executeTestSet(JUnit4Provider.java:141)
	at org.apache.maven.surefire.junit4.JUnit4Provider.invoke(JUnit4Provider.java:112)
	at sun.reflect.NativeMethodAccessorImpl.invoke0(Native Method)
	at sun.reflect.NativeMethodAccessorImpl.invoke(NativeMethodAccessorImpl.java:62)
	at sun.reflect.DelegatingMethodAccessorImpl.invoke(DelegatingMethodAccessorImpl.java:43)
	at java.lang.reflect.Method.invoke(Method.java:497)
	at org.apache.maven.surefire.util.ReflectionUtils.invokeMethodWithArray(ReflectionUtils.java:189)
	at org.apache.maven.surefire.booter.ProviderFactory$ProviderProxy.invoke(ProviderFactory.java:165)
	at org.apache.maven.surefire.booter.ProviderFactory.invokeProvider(ProviderFactory.java:85)
	at org.apache.maven.surefire.booter.ForkedBooter.runSuitesInProcess(ForkedBooter.java:115)
	at org.apache.maven.surefire.booter.ForkedBooter.main(ForkedBooter.java:75)
</failure>
    <system-out>2016-05-11 01:15:05,630 797  [main] INFO  persistance.UserReadingListDaoWithHibernate  - 2016-05-11
2016-05-11 01:15:05,630 797  [main] WARN  org.hibernate.engine.jdbc.spi.SqlExceptionHelper  - SQL Error: 0, SQLState: 08001
2016-05-11 01:15:05,630 797  [main] ERROR org.hibernate.engine.jdbc.spi.SqlExceptionHelper  - No suitable driver found for OPENSHIFT_MYSQL_DB_URL
2016-05-11 01:15:05,631 798  [main] ERROR persistance.UserReadingListDaoWithHibernate  - org.hibernate.exception.JDBCConnectionException: Could not open connection
2016-05-11 01:15:05,631 798  [main] INFO  persistance.UserReadingListDaoWithHibernate  - 2016-05-11
2016-05-11 01:15:05,632 799  [main] WARN  org.hibernate.engine.jdbc.spi.SqlExceptionHelper  - SQL Error: 0, SQLState: 08001
2016-05-11 01:15:05,632 799  [main] ERROR org.hibernate.engine.jdbc.spi.SqlExceptionHelper  - No suitable driver found for OPENSHIFT_MYSQL_DB_URL
2016-05-11 01:15:05,635 802  [main] ERROR persistance.UserReadingListDaoWithHibernate  - org.hibernate.exception.JDBCConnectionException: Could not open connection
</system-out>
  </testcase>
</testsuite>