<?xml version="1.0" encoding="UTF-8" ?>
<testsuite tests="3" failures="2" name="persistance.BookDaoWithHibernateTest" time="0.942" errors="0" skipped="0">
  <properties>
[...]
</properties>
  <testcase classname="persistance.BookDaoWithHibernateTest" name="testGetAllBooks" time="0.939">
    <failure message="There is the wrong amount in the list" type="java.lang.AssertionError">java.lang.AssertionError: There is the wrong amount in the list
	at org.junit.Assert.fail(Assert.java:74)
	at org.junit.Assert.assertTrue(Assert.java:37)
	at persistance.BookDaoWithHibernateTest.testGetAllBooks(BookDaoWithHibernateTest.java:35)
	at sun.reflect.NativeMethodAccessorImpl.invoke0(Native Method)
	at sun.reflect.NativeMethodAccessorImpl.invoke(NativeMethodAccessorImpl.java:62)
	at sun.reflect.DelegatingMethodAccessorImpl.invoke(DelegatingMethodAccessorImpl.java:43)
	at java.lang.reflect.Method.invoke(Method.java:497)
	at org.junit.internal.runners.TestMethod.invoke(TestMethod.java:59)
	at org.junit.internal.runners.MethodRoadie.runTestMethod(MethodRoadie.java:98)
	at org.junit.internal.runners.MethodRoadie$2.run(MethodRoadie.java:79)
	at org.junit.internal.runners.MethodRoadie.runBeforesThenTestThenAfters(MethodRoadie.java:87)
	at org.junit.internal.runners.MethodRoadie.runTest(MethodRoadie.java:77)
	at org.junit.internal.runners.MethodRoadie.run(MethodRoadie.java:42)
	at org.junit.internal.runners.JUnit4ClassRunner.invokeTestMethod(JUnit4ClassRunner.java:88)
	at org.junit.internal.runners.JUnit4ClassRunner.runMethods(JUnit4ClassRunner.java:51)
	at org.junit.internal.runners.JUnit4ClassRunner$1.run(JUnit4ClassRunner.java:44)
	at org.junit.internal.runners.ClassRoadie.runUnprotected(ClassRoadie.java:27)
	at org.junit.internal.runners.ClassRoadie.runProtected(ClassRoadie.java:37)
	at org.junit.internal.runners.JUnit4ClassRunner.run(JUnit4ClassRunner.java:42)
	at org.apache.maven.surefire.junit4.JUnit4Provider.execute(JUnit4Provider.java:252)
	at org.apache.maven.surefire.junit4.JUnit4Provider.executeTestSet(JUnit4Provider.java:141)
	at org.apache.maven.surefire.junit4.JUnit4Provider.invoke(JUnit4Provider.java:112)
	at sun.reflect.NativeMethodAccessorImpl.invoke0(Native Method)
	at sun.reflect.NativeMethodAccessorImpl.invoke(NativeMethodAccessorImpl.java:62)
	at sun.reflect.DelegatingMethodAccessorImpl.invoke(DelegatingMethodAccessorImpl.java:43)
	at java.lang.reflect.Method.invoke(Method.java:497)
	at org.apache.maven.surefire.util.ReflectionUtils.invokeMethodWithArray(ReflectionUtils.java:189)
	at org.apache.maven.surefire.booter.ProviderFactory$ProviderProxy.invoke(ProviderFactory.java:165)
	at org.apache.maven.surefire.booter.ProviderFactory.invokeProvider(ProviderFactory.java:85)
	at org.apache.maven.surefire.booter.ForkedBooter.runSuitesInProcess(ForkedBooter.java:115)
	at org.apache.maven.surefire.booter.ForkedBooter.main(ForkedBooter.java:75)
</failure>
    <system-out>2016-05-11 01:15:04,833 0    [main] INFO  org.hibernate.annotations.common.Version  - HCANN000001: Hibernate Commons Annotations {4.0.1.Final}
2016-05-11 01:15:04,844 11   [main] INFO  org.hibernate.Version  - HHH000412: Hibernate Core {4.0.1.Final}
2016-05-11 01:15:04,847 14   [main] INFO  org.hibernate.cfg.Environment  - HHH000206: hibernate.properties not found
2016-05-11 01:15:04,849 16   [main] INFO  org.hibernate.cfg.Environment  - HHH000021: Bytecode provider name : javassist
2016-05-11 01:15:04,876 43   [main] INFO  org.hibernate.cfg.Configuration  - HHH000043: Configuring from resource: /hibernate.cfg.xml
2016-05-11 01:15:04,876 43   [main] INFO  org.hibernate.cfg.Configuration  - HHH000040: Configuration resource: /hibernate.cfg.xml
2016-05-11 01:15:04,960 127  [main] INFO  org.hibernate.cfg.Configuration  - HHH000221: Reading mappings from resource: ReviewList.hbm.xml
2016-05-11 01:15:05,020 187  [main] INFO  org.hibernate.cfg.Configuration  - HHH000221: Reading mappings from resource: UserReadingList.hbm.xml
2016-05-11 01:15:05,044 211  [main] INFO  org.hibernate.cfg.Configuration  - HHH000041: Configured SessionFactory: null
2016-05-11 01:15:05,235 402  [main] WARN  org.hibernate.mapping.RootClass  - HHH000038: Composite-id class does not override equals(): entity.RolePK
2016-05-11 01:15:05,236 403  [main] WARN  org.hibernate.mapping.RootClass  - HHH000039: Composite-id class does not override hashCode(): entity.RolePK
2016-05-11 01:15:05,246 413  [main] INFO  org.hibernate.service.jdbc.connections.internal.DriverManagerConnectionProviderImpl  - HHH000402: Using Hibernate built-in connection pool (not for production use!)
2016-05-11 01:15:05,250 417  [main] INFO  org.hibernate.service.jdbc.connections.internal.DriverManagerConnectionProviderImpl  - HHH000115: Hibernate connection pool size: 20
2016-05-11 01:15:05,250 417  [main] INFO  org.hibernate.service.jdbc.connections.internal.DriverManagerConnectionProviderImpl  - HHH000006: Autocommit mode: false
2016-05-11 01:15:05,251 418  [main] INFO  org.hibernate.service.jdbc.connections.internal.DriverManagerConnectionProviderImpl  - HHH000401: using driver [com.mysql.jdbc.Driver] at URL [OPENSHIFT_MYSQL_DB_URL]
2016-05-11 01:15:05,251 418  [main] INFO  org.hibernate.service.jdbc.connections.internal.DriverManagerConnectionProviderImpl  - HHH000046: Connection properties: {user=admingUtFi8Q, password=****}
2016-05-11 01:15:05,277 444  [main] WARN  org.hibernate.engine.jdbc.internal.JdbcServicesImpl  - HHH000342: Could not obtain connection to query metadata : No suitable driver found for OPENSHIFT_MYSQL_DB_URL
2016-05-11 01:15:05,284 451  [main] INFO  org.hibernate.dialect.Dialect  - HHH000400: Using dialect: org.hibernate.dialect.MySQL5Dialect
2016-05-11 01:15:05,295 462  [main] INFO  org.hibernate.engine.jdbc.internal.LobCreatorBuilder  - HHH000422: Disabling contextual LOB creation as connection was null
2016-05-11 01:15:05,307 474  [main] INFO  org.hibernate.engine.transaction.internal.TransactionFactoryInitiator  - HHH000399: Using default transaction strategy (direct JDBC transactions)
2016-05-11 01:15:05,311 478  [main] INFO  org.hibernate.hql.internal.ast.ASTQueryTranslatorFactory  - HHH000397: Using ASTQueryTranslatorFactory
2016-05-11 01:15:05,553 720  [main] WARN  org.hibernate.engine.jdbc.spi.SqlExceptionHelper  - SQL Error: 0, SQLState: 08001
2016-05-11 01:15:05,553 720  [main] ERROR org.hibernate.engine.jdbc.spi.SqlExceptionHelper  - No suitable driver found for OPENSHIFT_MYSQL_DB_URL
2016-05-11 01:15:05,554 721  [main] ERROR persistance.BookDaoWithHibernate  - org.hibernate.exception.JDBCConnectionException: Could not open connection
2016-05-11 01:15:05,557 724  [main] WARN  org.hibernate.engine.jdbc.spi.SqlExceptionHelper  - SQL Error: 0, SQLState: 08001
2016-05-11 01:15:05,557 724  [main] ERROR org.hibernate.engine.jdbc.spi.SqlExceptionHelper  - No suitable driver found for OPENSHIFT_MYSQL_DB_URL
</system-out>
  </testcase>
  <testcase classname="persistance.BookDaoWithHibernateTest" name="testUpdateBook" time="0.001"/>
  <testcase classname="persistance.BookDaoWithHibernateTest" name="testAddBook" time="0.002">
    <failure message="Insert failed" type="java.lang.AssertionError">java.lang.AssertionError: Insert failed
	at org.junit.Assert.fail(Assert.java:74)
	at org.junit.Assert.assertTrue(Assert.java:37)
	at persistance.BookDaoWithHibernateTest.testAddBook(BookDaoWithHibernateTest.java:79)
	at sun.reflect.NativeMethodAccessorImpl.invoke0(Native Method)
	at sun.reflect.NativeMethodAccessorImpl.invoke(NativeMethodAccessorImpl.java:62)
	at sun.reflect.DelegatingMethodAccessorImpl.invoke(DelegatingMethodAccessorImpl.java:43)
	at java.lang.reflect.Method.invoke(Method.java:497)
	at org.junit.internal.runners.TestMethod.invoke(TestMethod.java:59)
	at org.junit.internal.runners.MethodRoadie.runTestMethod(MethodRoadie.java:98)
	at org.junit.internal.runners.MethodRoadie$2.run(MethodRoadie.java:79)
	at org.junit.internal.runners.MethodRoadie.runBeforesThenTestThenAfters(MethodRoadie.java:87)
	at org.junit.internal.runners.MethodRoadie.runTest(MethodRoadie.java:77)
	at org.junit.internal.runners.MethodRoadie.run(MethodRoadie.java:42)
	at org.junit.internal.runners.JUnit4ClassRunner.invokeTestMethod(JUnit4ClassRunner.java:88)
	at org.junit.internal.runners.JUnit4ClassRunner.runMethods(JUnit4ClassRunner.java:51)
	at org.junit.internal.runners.JUnit4ClassRunner$1.run(JUnit4ClassRunner.java:44)
	at org.junit.internal.runners.ClassRoadie.runUnprotected(ClassRoadie.java:27)
	at org.junit.internal.runners.ClassRoadie.runProtected(ClassRoadie.java:37)
	at org.junit.internal.runners.JUnit4ClassRunner.run(JUnit4ClassRunner.java:42)
	at org.apache.maven.surefire.junit4.JUnit4Provider.execute(JUnit4Provider.java:252)
	at org.apache.maven.surefire.junit4.JUnit4Provider.executeTestSet(JUnit4Provider.java:141)
	at org.apache.maven.surefire.junit4.JUnit4Provider.invoke(JUnit4Provider.java:112)
	at sun.reflect.NativeMethodAccessorImpl.invoke0(Native Method)
	at sun.reflect.NativeMethodAccessorImpl.invoke(NativeMethodAccessorImpl.java:62)
	at sun.reflect.DelegatingMethodAccessorImpl.invoke(DelegatingMethodAccessorImpl.java:43)
	at java.lang.reflect.Method.invoke(Method.java:497)
	at org.apache.maven.surefire.util.ReflectionUtils.invokeMethodWithArray(ReflectionUtils.java:189)
	at org.apache.maven.surefire.booter.ProviderFactory$ProviderProxy.invoke(ProviderFactory.java:165)
	at org.apache.maven.surefire.booter.ProviderFactory.invokeProvider(ProviderFactory.java:85)
	at org.apache.maven.surefire.booter.ForkedBooter.runSuitesInProcess(ForkedBooter.java:115)
	at org.apache.maven.surefire.booter.ForkedBooter.main(ForkedBooter.java:75)
</failure>
    <system-out>2016-05-11 01:15:05,565 732  [main] WARN  org.hibernate.engine.jdbc.spi.SqlExceptionHelper  - SQL Error: 0, SQLState: 08001
2016-05-11 01:15:05,565 732  [main] ERROR org.hibernate.engine.jdbc.spi.SqlExceptionHelper  - No suitable driver found for OPENSHIFT_MYSQL_DB_URL
2016-05-11 01:15:05,565 732  [main] ERROR persistance.BookDaoWithHibernate  - org.hibernate.exception.JDBCConnectionException: Could not open connection
2016-05-11 01:15:05,566 733  [main] WARN  org.hibernate.engine.jdbc.spi.SqlExceptionHelper  - SQL Error: 0, SQLState: 08001
2016-05-11 01:15:05,566 733  [main] ERROR org.hibernate.engine.jdbc.spi.SqlExceptionHelper  - No suitable driver found for OPENSHIFT_MYSQL_DB_URL
2016-05-11 01:15:05,566 733  [main] ERROR persistance.BookDaoWithHibernate  - org.hibernate.exception.JDBCConnectionException: Could not open connection
</system-out>
  </testcase>
</testsuite>